[2025-11-12 12:27:03] [INFO] [config.theme] Theme system validation passed - all OKLCH tokens and keys are valid
[2025-11-12 12:27:05] [INFO] [AppManager] [startup] Initializing MainWindow
[2025-11-12 12:27:05] [INFO] [StateManager] [Mode] INIT: Application now in SIM mode
[2025-11-12 12:27:05] [INFO] [panels.panel1] Graph initialized successfully
[2025-11-12 12:27:05] [INFO] [panels.panel1] [Panel1] Connected balance signal
[2025-11-12 12:27:05] [INFO] [panels.panel1] [Panel1] Connected mode change signal
[2025-11-12 12:27:05] [INFO] [panels.panel2] [Panel2] Restored session timers from data\runtime_state_panel2_SIM_.json
[2025-11-12 12:27:05] [ERROR] [AppManager] [DTC] Init failed: DTCClientJSON.__init__() got an unexpected keyword argument 'parent'
Traceback (most recent call last):
  File "C:\Users\cgrah\OneDrive\Desktop\APPV4\core\app_manager.py", line 660, in _init_dtc
    self._dtc = ProtectedDTCClient(
                ^^^^^^^^^^^^^^^^^^^
  File "C:\Users\cgrah\OneDrive\Desktop\APPV4\core\dtc_client_protected.py", line 91, in __init__
    self._client = DTCClientJSON(host=host, port=port, router=router, parent=self)
                   ^^^^^^^^^^^^^^^^^^^^^^^^^^^^^^^^^^^^^^^^^^^^^^^^^^^^^^^^^^^^^^^
TypeError: DTCClientJSON.__init__() got an unexpected keyword argument 'parent'
[2025-11-12 12:27:05] [INFO] [StartupDiagnostics] ──────────────────────────────────────────────
[2025-11-12 12:27:05] [INFO] [StartupDiagnostics] 🧭  APPSIERRA Startup Diagnostics
[2025-11-12 12:27:05] [INFO] [StartupDiagnostics] ──────────────────────────────────────────────
[2025-11-12 12:27:05] [INFO] [StartupDiagnostics] DB: PostgreSQL connected successfully
[2025-11-12 12:27:05] [INFO] [StartupDiagnostics] CSV: Snapshot CSV active (updated 0.1s ago)
[2025-11-12 12:27:05] [INFO] [StartupDiagnostics] DTC: DTC config valid (127.0.0.1:11099)
[2025-11-12 12:27:05] [INFO] [StartupDiagnostics] ──────────────────────────────────────────────
[2025-11-12 12:27:05] [INFO] [StartupDiagnostics] All diagnostics passed successfully.
[2025-11-12 12:27:05] [INFO] [StartupDiagnostics] ──────────────────────────────────────────────
[2025-11-12 12:27:05] [WARNING] [panels.panel1] [Panel1] QtConcurrent not available, loading equity curve synchronously
[2025-11-12 12:27:05] [INFO] [core.diagnostics] DiagnosticsHub initialized (buffer size: 1000)
[2025-11-12 12:27:05] [INFO] [AppManager] [startup] MainWindow initialized
[2025-11-12 12:27:06] [INFO] [panels.panel2] [panel2] Feed updated -- VWAP changed: 6870.5444
[2025-11-12 12:27:06] [INFO] [panels.panel2] [panel2] Feed updated -- Delta changed: 3783.0
[2025-11-12 12:27:06] [INFO] [panels.panel2] [panel2] Feed updated -- VWAP changed: 6870.5439
[2025-11-12 12:27:06] [INFO] [panels.panel2] [panel2] Feed updated -- Delta changed: 3762.0
[2025-11-12 12:27:08] [INFO] [panels.panel2] [panel2] Feed updated -- Delta changed: 3761.0
[2025-11-12 12:27:10] [INFO] [panels.panel2] [panel2] Feed updated -- Delta changed: 3766.0
[2025-11-12 12:27:11] [INFO] [panels.panel2] [panel2] Feed updated -- Delta changed: 3764.0
[2025-11-12 12:27:13] [INFO] [panels.panel2] [panel2] Feed updated -- Delta changed: 3770.0
[2025-11-12 12:27:13] [INFO] [panels.panel2] [panel2] Feed updated -- Delta changed: 3773.0
[2025-11-12 12:27:14] [INFO] [panels.panel2] [panel2] Feed updated -- Delta changed: 3772.0
[2025-11-12 12:27:14] [INFO] [panels.panel2] [panel2] Feed updated -- Delta changed: 3780.0
[2025-11-12 12:27:15] [INFO] [panels.panel2] [panel2] Feed updated -- Delta changed: 3771.0
[2025-11-12 12:27:16] [INFO] [panels.panel2] [panel2] Feed updated -- Delta changed: 3777.0
[2025-11-12 12:27:16] [INFO] [panels.panel2] [panel2] Feed updated -- Delta changed: 3774.0
[2025-11-12 12:27:17] [INFO] [panels.panel2] [panel2] Feed updated -- VWAP changed: 6870.5435
[2025-11-12 12:27:17] [INFO] [panels.panel2] [panel2] Feed updated -- Delta changed: 3747.0
[2025-11-12 12:27:17] [INFO] [panels.panel2] [panel2] Feed updated -- Delta changed: 3751.0
[2025-11-12 12:27:18] [INFO] [panels.panel2] [panel2] Feed updated -- Delta changed: 3748.0
[2025-11-12 12:27:18] [INFO] [panels.panel2] [panel2] Feed updated -- VWAP changed: 6870.543
[2025-11-12 12:27:18] [INFO] [panels.panel2] [panel2] Feed updated -- Delta changed: 3735.0
[2025-11-12 12:27:19] [INFO] [panels.panel2] [panel2] Feed updated -- Delta changed: 3736.0
[2025-11-12 12:27:19] [INFO] [panels.panel2] [panel2] Feed updated -- VWAP changed: 6870.5425
[2025-11-12 12:27:19] [INFO] [panels.panel2] [panel2] Feed updated -- Delta changed: 3715.0
[2025-11-12 12:27:20] [INFO] [panels.panel2] [panel2] Feed updated -- Delta changed: 3740.0
[2025-11-12 12:27:21] [INFO] [panels.panel2] [panel2] Feed updated -- VWAP changed: 6870.542
[2025-11-12 12:27:21] [INFO] [panels.panel2] [panel2] Feed updated -- Delta changed: 3703.0
[2025-11-12 12:27:21] [INFO] [panels.panel2] [panel2] Feed updated -- Delta changed: 3713.0
[2025-11-12 12:27:22] [INFO] [panels.panel2] [panel2] Feed updated -- VWAP changed: 6870.5415
[2025-11-12 12:27:22] [INFO] [panels.panel2] [panel2] Feed updated -- Delta changed: 3708.0
[2025-11-12 12:27:22] [INFO] [panels.panel2] [panel2] Feed updated -- Delta changed: 3703.0
[2025-11-12 12:27:23] [INFO] [panels.panel2] [panel2] Feed updated -- VWAP changed: 6870.541
[2025-11-12 12:27:23] [INFO] [panels.panel2] [panel2] Feed updated -- Delta changed: 3694.0
[2025-11-12 12:27:23] [INFO] [panels.panel2] [panel2] Feed updated -- Delta changed: 3699.0
[2025-11-12 12:27:24] [INFO] [panels.panel2] [panel2] Feed updated -- Delta changed: 3691.0
[2025-11-12 12:27:25] [INFO] [panels.panel2] [panel2] Feed updated -- Delta changed: 3690.0
[2025-11-12 12:27:25] [INFO] [panels.panel2] [panel2] Feed updated -- VWAP changed: 6870.5405
[2025-11-12 12:27:25] [INFO] [panels.panel2] [panel2] Feed updated -- Delta changed: 3685.0
[2025-11-12 12:27:26] [INFO] [panels.panel2] [panel2] Feed updated -- VWAP changed: 6870.541
[2025-11-12 12:27:26] [INFO] [panels.panel2] [panel2] Feed updated -- Delta changed: 3687.0
[2025-11-12 12:27:26] [INFO] [panels.panel2] [panel2] Feed updated -- Delta changed: 3693.0
[2025-11-12 12:27:27] [INFO] [panels.panel2] [panel2] Feed updated -- VWAP changed: 6870.5405
[2025-11-12 12:27:27] [INFO] [panels.panel2] [panel2] Feed updated -- Delta changed: 3692.0
[2025-11-12 12:27:27] [INFO] [panels.panel2] [panel2] Feed updated -- Delta changed: 3698.0
[2025-11-12 12:27:28] [INFO] [panels.panel2] [panel2] Feed updated -- Delta changed: 3697.0
[2025-11-12 12:27:28] [INFO] [panels.panel2] [panel2] Feed updated -- Delta changed: 3700.0
[2025-11-12 12:27:29] [INFO] [panels.panel2] [panel2] Feed updated -- Delta changed: 3710.0
[2025-11-12 12:27:29] [INFO] [panels.panel2] [panel2] Feed updated -- Delta changed: 3700.0
[2025-11-12 12:27:30] [INFO] [panels.panel2] [panel2] Feed updated -- Delta changed: 3703.0
[2025-11-12 12:27:31] [INFO] [panels.panel2] [panel2] Feed updated -- Delta changed: 3704.0
[2025-11-12 12:27:31] [INFO] [panels.panel2] [panel2] Feed updated -- VWAP changed: 6870.541
[2025-11-12 12:27:31] [INFO] [panels.panel2] [panel2] Feed updated -- Delta changed: 3708.0
[2025-11-12 12:27:33] [INFO] [panels.panel2] [panel2] Feed updated -- VWAP changed: 6870.5405
[2025-11-12 12:27:33] [INFO] [panels.panel2] [panel2] Feed updated -- Delta changed: 3702.0
[2025-11-12 12:27:33] [INFO] [panels.panel2] [panel2] Feed updated -- VWAP changed: 6870.54
[2025-11-12 12:27:33] [INFO] [panels.panel2] [panel2] Feed updated -- Delta changed: 3692.0
[2025-11-12 12:27:34] [INFO] [panels.panel2] [panel2] Feed updated -- Delta changed: 3697.0
[2025-11-12 12:27:35] [INFO] [panels.panel2] [panel2] Feed updated -- Delta changed: 3703.0
[2025-11-12 12:27:36] [INFO] [panels.panel2] [panel2] Feed updated -- VWAP changed: 6870.5396
[2025-11-12 12:27:36] [INFO] [panels.panel2] [panel2] Feed updated -- Delta changed: 3695.0
[2025-11-12 12:27:36] [INFO] [panels.panel2] [panel2] Feed updated -- Delta changed: 3698.0
[2025-11-12 12:27:38] [INFO] [panels.panel2] [panel2] Feed updated -- VWAP changed: 6870.5391
[2025-11-12 12:27:38] [INFO] [panels.panel2] [panel2] Feed updated -- Delta changed: 3692.0
[2025-11-12 12:27:39] [INFO] [panels.panel2] [panel2] Feed updated -- VWAP changed: 6870.5386
[2025-11-12 12:27:39] [INFO] [panels.panel2] [panel2] Feed updated -- Delta changed: 3710.0
[2025-11-12 12:27:40] [INFO] [panels.panel2] [panel2] Feed updated -- VWAP changed: 6870.5376
[2025-11-12 12:27:40] [INFO] [panels.panel2] [panel2] Feed updated -- Delta changed: 3702.0
[2025-11-12 12:27:41] [INFO] [panels.panel2] [panel2] Feed updated -- VWAP changed: 6870.5371
[2025-11-12 12:27:41] [INFO] [panels.panel2] [panel2] Feed updated -- Delta changed: 3673.0
[2025-11-12 12:27:41] [INFO] [panels.panel2] [panel2] Feed updated -- VWAP changed: 6870.5356
[2025-11-12 12:27:41] [INFO] [panels.panel2] [panel2] Feed updated -- Delta changed: 3661.0
[2025-11-12 12:27:42] [INFO] [panels.panel2] [panel2] Feed updated -- Delta changed: 3659.0
[2025-11-12 12:27:43] [INFO] [panels.panel2] [panel2] Feed updated -- VWAP changed: 6870.5361
[2025-11-12 12:27:43] [INFO] [panels.panel2] [panel2] Feed updated -- Delta changed: 3662.0
[2025-11-12 12:27:43] [INFO] [panels.panel2] [panel2] Feed updated -- VWAP changed: 6870.5356
[2025-11-12 12:27:43] [INFO] [panels.panel2] [panel2] Feed updated -- Delta changed: 3660.0
[2025-11-12 12:27:44] [INFO] [panels.panel2] [panel2] Feed updated -- Delta changed: 3664.0
[2025-11-12 12:27:44] [INFO] [panels.panel2] [panel2] Feed updated -- VWAP changed: 6870.5352
[2025-11-12 12:27:44] [INFO] [panels.panel2] [panel2] Feed updated -- Delta changed: 3662.0
[2025-11-12 12:27:45] [INFO] [panels.panel2] [panel2] Feed updated -- Delta changed: 3660.0
[2025-11-12 12:27:46] [INFO] [panels.panel2] [panel2] Feed updated -- Delta changed: 3665.0
[2025-11-12 12:27:46] [INFO] [panels.panel2] [panel2] Feed updated -- Delta changed: 3675.0
[2025-11-12 12:27:46] [INFO] [panels.panel2] [panel2] Feed updated -- Delta changed: 3669.0
[2025-11-12 12:27:47] [INFO] [panels.panel2] [panel2] Feed updated -- VWAP changed: 6870.5356
[2025-11-12 12:27:47] [INFO] [panels.panel2] [panel2] Feed updated -- Delta changed: 3675.0
[2025-11-12 12:27:48] [INFO] [panels.panel2] [panel2] Feed updated -- Delta changed: 3679.0
[2025-11-12 12:27:48] [INFO] [panels.panel2] [panel2] Feed updated -- VWAP changed: 6870.5361
[2025-11-12 12:27:48] [INFO] [panels.panel2] [panel2] Feed updated -- Delta changed: 3680.0
[2025-11-12 12:27:48] [INFO] [panels.panel2] [panel2] Feed updated -- VWAP changed: 6870.5352
[2025-11-12 12:27:48] [INFO] [panels.panel2] [panel2] Feed updated -- Delta changed: 3705.0
[2025-11-12 12:27:49] [INFO] [panels.panel2] [panel2] Feed updated -- VWAP changed: 6870.5342
[2025-11-12 12:27:51] [INFO] [panels.panel2] [panel2] Feed updated -- Delta changed: 3702.0
[2025-11-12 12:27:51] [INFO] [panels.panel2] [panel2] Feed updated -- VWAP changed: 6870.5347
[2025-11-12 12:27:51] [INFO] [panels.panel2] [panel2] Feed updated -- Delta changed: 3703.0
[2025-11-12 12:27:52] [INFO] [panels.panel2] [panel2] Feed updated -- VWAP changed: 6870.5342
[2025-11-12 12:27:52] [INFO] [panels.panel2] [panel2] Feed updated -- Delta changed: 3713.0
[2025-11-12 12:27:53] [INFO] [panels.panel2] [panel2] Feed updated -- VWAP changed: 6870.5347
[2025-11-12 12:27:53] [INFO] [panels.panel2] [panel2] Feed updated -- Delta changed: 3718.0
[2025-11-12 12:27:53] [INFO] [panels.panel2] [panel2] Feed updated -- Delta changed: 3707.0
[2025-11-12 12:27:54] [INFO] [panels.panel2] [panel2] Feed updated -- VWAP changed: 6870.5337
[2025-11-12 12:27:54] [INFO] [panels.panel2] [panel2] Feed updated -- Delta changed: 3699.0
[2025-11-12 12:27:54] [INFO] [panels.panel2] [panel2] Feed updated -- VWAP changed: 6870.5347
[2025-11-12 12:27:54] [INFO] [panels.panel2] [panel2] Feed updated -- Delta changed: 3706.0
[2025-11-12 12:27:55] [INFO] [panels.panel2] [panel2] Feed updated -- VWAP changed: 6870.5352
[2025-11-12 12:27:55] [INFO] [panels.panel2] [panel2] Feed updated -- Delta changed: 3711.0
[2025-11-12 12:27:55] [INFO] [panels.panel2] [panel2] Feed updated -- VWAP changed: 6870.5356
[2025-11-12 12:27:55] [INFO] [panels.panel2] [panel2] Feed updated -- Delta changed: 3717.0
[2025-11-12 12:27:56] [INFO] [panels.panel2] [panel2] Feed updated -- VWAP changed: 6870.5361
[2025-11-12 12:27:56] [INFO] [panels.panel2] [panel2] Feed updated -- Delta changed: 3731.0
[2025-11-12 12:27:56] [INFO] [panels.panel2] [panel2] Feed updated -- VWAP changed: 6870.5356
[2025-11-12 12:27:56] [INFO] [panels.panel2] [panel2] Feed updated -- Delta changed: 3716.0
[2025-11-12 12:27:57] [INFO] [panels.panel2] [panel2] Feed updated -- Delta changed: 3717.0
[2025-11-12 12:27:57] [INFO] [panels.panel2] [panel2] Feed updated -- Delta changed: 3719.0
[2025-11-12 12:27:58] [INFO] [panels.panel2] [panel2] Feed updated -- VWAP changed: 6870.5361
[2025-11-12 12:27:58] [INFO] [panels.panel2] [panel2] Feed updated -- Delta changed: 3722.0
[2025-11-12 12:27:59] [INFO] [panels.panel2] [panel2] Feed updated -- VWAP changed: 6870.5356
[2025-11-12 12:27:59] [INFO] [panels.panel2] [panel2] Feed updated -- Delta changed: 3718.0
[2025-11-12 12:28:00] [INFO] [panels.panel2] [panel2] Feed updated -- Delta changed: 3716.0
[2025-11-12 12:28:00] [INFO] [panels.panel2] [panel2] Feed updated -- VWAP changed: 6870.5352
[2025-11-12 12:28:00] [INFO] [panels.panel2] [panel2] Feed updated -- Delta changed: 3719.0
[2025-11-12 12:28:01] [INFO] [panels.panel2] [panel2] Feed updated -- Delta changed: 3715.0
[2025-11-12 12:28:02] [INFO] [panels.panel2] [panel2] Feed updated -- Delta changed: 3712.0
[2025-11-12 12:28:03] [INFO] [panels.panel2] [panel2] Feed updated -- Delta changed: 3701.0
[2025-11-12 12:28:03] [INFO] [panels.panel2] [panel2] Feed updated -- Delta changed: 3703.0
[2025-11-12 12:28:04] [INFO] [panels.panel2] [panel2] Feed updated -- VWAP changed: 6870.5347
[2025-11-12 12:28:04] [INFO] [panels.panel2] [panel2] Feed updated -- Delta changed: 3708.0
[2025-11-12 12:28:05] [INFO] [panels.panel2] [panel2] Feed updated -- Delta changed: 3699.0
[2025-11-12 12:28:05] [INFO] [panels.panel2] [panel2] Feed updated -- Delta changed: 3704.0
[2025-11-12 12:28:06] [INFO] [panels.panel2] [panel2] Feed updated -- Delta changed: 3692.0
[2025-11-12 12:28:07] [INFO] [panels.panel2] [panel2] Feed updated -- VWAP changed: 6870.5342
[2025-11-12 12:28:07] [INFO] [panels.panel2] [panel2] Feed updated -- Delta changed: 3695.0
[2025-11-12 12:28:08] [INFO] [panels.panel2] [panel2] Feed updated -- Delta changed: 3701.0
[2025-11-12 12:28:08] [INFO] [panels.panel2] [panel2] Feed updated -- Delta changed: 3714.0
[2025-11-12 12:28:09] [INFO] [panels.panel2] [panel2] Feed updated -- Delta changed: 3720.0
[2025-11-12 12:28:10] [INFO] [panels.panel2] [panel2] Feed updated -- VWAP changed: 6870.5347
[2025-11-12 12:28:10] [INFO] [panels.panel2] [panel2] Feed updated -- Delta changed: 3728.0
[2025-11-12 12:28:10] [INFO] [panels.panel2] [panel2] Feed updated -- Delta changed: 3732.0
[2025-11-12 12:28:11] [INFO] [panels.panel2] [panel2] Feed updated -- VWAP changed: 6870.5342
[2025-11-12 12:28:11] [INFO] [panels.panel2] [panel2] Feed updated -- Delta changed: 3724.0
[2025-11-12 12:28:12] [INFO] [panels.panel2] [panel2] Feed updated -- Delta changed: 3723.0
[2025-11-12 12:28:13] [INFO] [panels.panel2] [panel2] Feed updated -- Delta changed: 3716.0
[2025-11-12 12:28:13] [INFO] [panels.panel2] [panel2] Feed updated -- Delta changed: 3725.0
[2025-11-12 12:28:15] [INFO] [panels.panel2] [panel2] Feed updated -- Delta changed: 3721.0
[2025-11-12 12:28:15] [INFO] [panels.panel2] [panel2] Feed updated -- VWAP changed: 6870.5337
[2025-11-12 12:28:15] [INFO] [panels.panel2] [panel2] Feed updated -- Delta changed: 3715.0
[2025-11-12 12:28:16] [INFO] [panels.panel2] [panel2] Feed updated -- Delta changed: 3727.0
[2025-11-12 12:28:16] [INFO] [panels.panel2] [panel2] Feed updated -- Delta changed: 3716.0
[2025-11-12 12:28:17] [INFO] [panels.panel2] [panel2] Feed updated -- VWAP changed: 6870.5332
[2025-11-12 12:28:17] [INFO] [panels.panel2] [panel2] Feed updated -- Delta changed: 3706.0
[2025-11-12 12:28:17] [INFO] [panels.panel2] [panel2] Feed updated -- Delta changed: 3707.0
[2025-11-12 12:28:18] [INFO] [panels.panel2] [panel2] Feed updated -- Delta changed: 3705.0
[2025-11-12 12:28:18] [INFO] [panels.panel2] [panel2] Feed updated -- Delta changed: 3714.0
[2025-11-12 12:28:19] [INFO] [panels.panel2] [panel2] Feed updated -- Delta changed: 3711.0
[2025-11-12 12:28:20] [INFO] [panels.panel2] [panel2] Feed updated -- VWAP changed: 6870.5327
[2025-11-12 12:28:20] [INFO] [panels.panel2] [panel2] Feed updated -- Delta changed: 3709.0
[2025-11-12 12:28:20] [INFO] [panels.panel2] [panel2] Feed updated -- Delta changed: 3713.0
[2025-11-12 12:28:20] [INFO] [config.theme] Theme system validation passed - all OKLCH tokens and keys are valid
[2025-11-12 12:28:20] [INFO] [AppManager] [startup] Initializing MainWindow
[2025-11-12 12:28:21] [INFO] [panels.panel2] [panel2] Feed updated -- Delta changed: 3717.0
[2025-11-12 12:28:21] [INFO] [StateManager] [Mode] INIT: Application now in SIM mode
[2025-11-12 12:28:21] [INFO] [panels.panel1] Graph initialized successfully
[2025-11-12 12:28:21] [INFO] [panels.panel1] [Panel1] Connected balance signal
[2025-11-12 12:28:21] [INFO] [panels.panel1] [Panel1] Connected mode change signal
[2025-11-12 12:28:21] [INFO] [panels.panel2] [Panel2] Restored session timers from data\runtime_state_panel2_SIM_.json
[2025-11-12 12:28:21] [INFO] [StartupDiagnostics] ──────────────────────────────────────────────
[2025-11-12 12:28:21] [INFO] [StartupDiagnostics] 🧭  APPSIERRA Startup Diagnostics
[2025-11-12 12:28:21] [INFO] [StartupDiagnostics] ──────────────────────────────────────────────
[2025-11-12 12:28:21] [INFO] [StartupDiagnostics] DB: PostgreSQL connected successfully
[2025-11-12 12:28:21] [INFO] [StartupDiagnostics] CSV: Snapshot CSV active (updated 0.4s ago)
[2025-11-12 12:28:21] [INFO] [StartupDiagnostics] DTC: DTC config valid (127.0.0.1:11099)
[2025-11-12 12:28:21] [INFO] [StartupDiagnostics] ──────────────────────────────────────────────
[2025-11-12 12:28:21] [INFO] [StartupDiagnostics] All diagnostics passed successfully.
[2025-11-12 12:28:21] [INFO] [StartupDiagnostics] ──────────────────────────────────────────────
[2025-11-12 12:28:21] [WARNING] [panels.panel1] [Panel1] QtConcurrent not available, loading equity curve synchronously
[2025-11-12 12:28:21] [INFO] [core.diagnostics] DiagnosticsHub initialized (buffer size: 1000)
[2025-11-12 12:28:21] [INFO] [AppManager] [startup] MainWindow initialized
[2025-11-12 12:28:21] [INFO] [AppManager] [info] DTC connected
[2025-11-12 12:28:21] [INFO] [AppManager] [CircuitBreaker] Connection healthy - circuit closed
[2025-11-12 12:28:21] [INFO] [AppManager] [startup] DTC session ready
[2025-11-12 12:28:21] [INFO] [services.trade_service] trade_manager.account.120005
[2025-11-12 12:28:21] [INFO] [services.trade_service] trade_manager.account.120005
[2025-11-12 12:28:21] [INFO] [services.trade_service] trade_manager.account.Sim1
[2025-11-12 12:28:21] [INFO] [services.trade_service] trade_manager.account.Sim1
[2025-11-12 12:28:21] [INFO] [panels.panel2] [panel2] Feed updated -- Delta changed: 3721.0
[2025-11-12 12:28:21] [INFO] [panels.panel2] [panel2] Position closed -- all position data cleared
[2025-11-12 12:28:21] [INFO] [panels.panel2] [panel2] Position update accepted: symbol=ES, qty=0, avg=0.0, long=None
[2025-11-12 12:28:21] [INFO] [panels.panel2] [panel2] Feed updated -- VWAP changed: 6870.5327
[2025-11-12 12:28:21] [INFO] [panels.panel2] [panel2] Feed updated -- Delta changed: 3721.0
[2025-11-12 12:28:22] [INFO] [panels.panel2] [panel2] Symbol updated from PositionUpdate: F.US.MESZ25 -> MES
[2025-11-12 12:28:22] [INFO] [panels.panel2] [panel2] Position closed -- all position data cleared
[2025-11-12 12:28:22] [INFO] [panels.panel2] [panel2] Position update accepted: symbol=MES, qty=0, avg=0.0, long=None
[2025-11-12 12:28:22] [INFO] [panels.panel2] [panel2] Feed updated -- VWAP changed: 6870.5322
[2025-11-12 12:28:22] [INFO] [panels.panel2] [panel2] Feed updated -- Delta changed: 3711.0
[2025-11-12 12:28:22] [INFO] [panels.panel2] [panel2] Feed updated -- VWAP changed: 6870.5322
[2025-11-12 12:28:22] [INFO] [panels.panel2] [panel2] Feed updated -- Delta changed: 3711.0
[2025-11-12 12:28:23] [INFO] [panels.panel2] [panel2] Feed updated -- VWAP changed: 6870.5317
[2025-11-12 12:28:23] [INFO] [panels.panel2] [panel2] Feed updated -- Delta changed: 3716.0
[2025-11-12 12:28:23] [INFO] [panels.panel2] [panel2] Feed updated -- VWAP changed: 6870.5317
[2025-11-12 12:28:23] [INFO] [panels.panel2] [panel2] Feed updated -- Delta changed: 3716.0
[2025-11-12 12:28:23] [INFO] [panels.panel2] [panel2] Feed updated -- VWAP changed: 6870.5322
[2025-11-12 12:28:23] [INFO] [panels.panel2] [panel2] Feed updated -- Delta changed: 3705.0
[2025-11-12 12:28:23] [INFO] [panels.panel2] [panel2] Feed updated -- VWAP changed: 6870.5322
[2025-11-12 12:28:23] [INFO] [panels.panel2] [panel2] Feed updated -- Delta changed: 3705.0
[2025-11-12 12:28:24] [INFO] [panels.panel2] [panel2] Feed updated -- Delta changed: 3710.0
[2025-11-12 12:28:24] [INFO] [panels.panel2] [panel2] Feed updated -- Delta changed: 3710.0
[2025-11-12 12:28:24] [INFO] [panels.panel2] [panel2] Feed updated -- Delta changed: 3708.0
[2025-11-12 12:28:24] [INFO] [panels.panel2] [panel2] Feed updated -- Delta changed: 3708.0
[2025-11-12 12:28:25] [INFO] [panels.panel2] [panel2] Feed updated -- Delta changed: 3702.0
[2025-11-12 12:28:25] [INFO] [panels.panel2] [panel2] Feed updated -- Delta changed: 3702.0
[2025-11-12 12:28:26] [INFO] [panels.panel2] [panel2] Feed updated -- Delta changed: 3707.0
[2025-11-12 12:28:26] [INFO] [panels.panel2] [panel2] Feed updated -- Delta changed: 3707.0
[2025-11-12 12:28:26] [INFO] [panels.panel2] [panel2] Feed updated -- VWAP changed: 6870.5317
[2025-11-12 12:28:26] [INFO] [panels.panel2] [panel2] Feed updated -- Delta changed: 3702.0
[2025-11-12 12:28:26] [INFO] [panels.panel2] [panel2] Feed updated -- VWAP changed: 6870.5317
[2025-11-12 12:28:26] [INFO] [panels.panel2] [panel2] Feed updated -- Delta changed: 3702.0
[2025-11-12 12:28:28] [INFO] [panels.panel2] [panel2] Feed updated -- Delta changed: 3713.0
[2025-11-12 12:28:29] [INFO] [panels.panel2] [panel2] Feed updated -- Delta changed: 3720.0
[2025-11-12 12:28:29] [INFO] [panels.panel2] [panel2] Feed updated -- VWAP changed: 6870.5312
[2025-11-12 12:28:29] [INFO] [panels.panel2] [panel2] Feed updated -- Delta changed: 3708.0
[2025-11-12 12:28:30] [INFO] [panels.panel2] [panel2] Feed updated -- VWAP changed: 6870.5317
[2025-11-12 12:28:30] [INFO] [panels.panel2] [panel2] Feed updated -- Delta changed: 3712.0
[2025-11-12 12:28:30] [INFO] [panels.panel2] [panel2] Feed updated -- Delta changed: 3715.0
[2025-11-12 12:28:31] [INFO] [panels.panel2] [panel2] Feed updated -- Delta changed: 3708.0
[2025-11-12 12:28:31] [INFO] [panels.panel2] [panel2] Feed updated -- VWAP changed: 6870.5312
[2025-11-12 12:28:31] [INFO] [panels.panel2] [panel2] Feed updated -- Delta changed: 3717.0
[2025-11-12 12:28:32] [INFO] [panels.panel2] [panel2] Feed updated -- VWAP changed: 6870.5317
[2025-11-12 12:28:32] [INFO] [panels.panel2] [panel2] Feed updated -- Delta changed: 3722.0
[2025-11-12 12:28:32] [INFO] [panels.panel2] [panel2] Feed updated -- Delta changed: 3719.0
[2025-11-12 12:28:33] [INFO] [panels.panel2] [panel2] Feed updated -- Delta changed: 3723.0
[2025-11-12 12:28:34] [INFO] [panels.panel2] [panel2] Feed updated -- VWAP changed: 6870.5312
[2025-11-12 12:28:34] [INFO] [panels.panel2] [panel2] Feed updated -- Delta changed: 3708.0
[2025-11-12 12:28:35] [INFO] [panels.panel2] [panel2] Feed updated -- Delta changed: 3703.0
[2025-11-12 12:28:36] [INFO] [panels.panel2] [panel2] Feed updated -- Delta changed: 3711.0
[2025-11-12 12:28:36] [INFO] [panels.panel2] [panel2] Feed updated -- VWAP changed: 6870.5303
[2025-11-12 12:28:36] [INFO] [panels.panel2] [panel2] Feed updated -- Delta changed: 3760.0
[2025-11-12 12:28:37] [INFO] [panels.panel2] [panel2] Feed updated -- Delta changed: 3793.0
[2025-11-12 12:28:37] [INFO] [panels.panel2] [panel2] Feed updated -- Delta changed: 3788.0
[2025-11-12 12:28:38] [INFO] [panels.panel2] [panel2] Feed updated -- VWAP changed: 6870.5308
[2025-11-12 12:28:38] [INFO] [panels.panel2] [panel2] Feed updated -- Delta changed: 3789.0
[2025-11-12 12:28:39] [INFO] [panels.panel2] [panel2] Feed updated -- VWAP changed: 6870.5303
[2025-11-12 12:28:39] [INFO] [panels.panel2] [panel2] Feed updated -- Delta changed: 3782.0
[2025-11-12 12:28:39] [INFO] [panels.panel2] [panel2] Feed updated -- VWAP changed: 6870.5308
[2025-11-12 12:28:39] [INFO] [panels.panel2] [panel2] Feed updated -- Delta changed: 3803.0
[2025-11-12 12:28:40] [INFO] [panels.panel2] [panel2] Feed updated -- VWAP changed: 6870.5303
[2025-11-12 12:28:40] [INFO] [panels.panel2] [panel2] Feed updated -- Delta changed: 3795.0
[2025-11-12 12:28:42] [INFO] [panels.panel2] [panel2] Feed updated -- Delta changed: 3799.0
[2025-11-12 12:28:43] [INFO] [panels.panel2] [panel2] Feed updated -- VWAP changed: 6870.5298
[2025-11-12 12:28:43] [INFO] [panels.panel2] [panel2] Feed updated -- Delta changed: 3789.0
[2025-11-12 12:28:43] [INFO] [panels.panel2] [panel2] Feed updated -- VWAP changed: 6870.5293
[2025-11-12 12:28:43] [INFO] [panels.panel2] [panel2] Feed updated -- Delta changed: 3792.0
[2025-11-12 12:28:44] [INFO] [panels.panel2] [panel2] Feed updated -- Delta changed: 3790.0
[2025-11-12 12:28:44] [INFO] [panels.panel2] [panel2] Feed updated -- VWAP changed: 6870.5298
[2025-11-12 12:28:44] [INFO] [panels.panel2] [panel2] Feed updated -- Delta changed: 3793.0
[2025-11-12 12:28:46] [INFO] [panels.panel2] [panel2] Feed updated -- Delta changed: 3794.0
[2025-11-12 12:28:47] [INFO] [panels.panel2] [panel2] Feed updated -- Delta changed: 3796.0
[2025-11-12 12:28:48] [INFO] [panels.panel2] [panel2] Feed updated -- VWAP changed: 6870.5293
[2025-11-12 12:28:48] [INFO] [panels.panel2] [panel2] Feed updated -- Delta changed: 3787.0
[2025-11-12 12:28:49] [INFO] [panels.panel2] [panel2] Feed updated -- Delta changed: 3789.0
[2025-11-12 12:28:50] [INFO] [panels.panel2] [panel2] Feed updated -- VWAP changed: 6870.5283
[2025-11-12 12:28:50] [INFO] [panels.panel2] [panel2] Feed updated -- Delta changed: 3786.0
[2025-11-12 12:28:51] [INFO] [panels.panel2] [panel2] Feed updated -- VWAP changed: 6870.5288
[2025-11-12 12:28:51] [INFO] [panels.panel2] [panel2] Feed updated -- Delta changed: 3784.0
[2025-11-12 12:28:51] [INFO] [panels.panel2] [panel2] Feed updated -- Delta changed: 3786.0
[2025-11-12 12:28:52] [INFO] [panels.panel2] [panel2] Feed updated -- Delta changed: 3789.0
[2025-11-12 12:28:52] [INFO] [panels.panel2] [panel2] Feed updated -- Delta changed: 3790.0
[2025-11-12 12:28:53] [INFO] [panels.panel2] [panel2] Feed updated -- Delta changed: 3779.0
[2025-11-12 12:28:54] [INFO] [panels.panel2] [panel2] Feed updated -- VWAP changed: 6870.5293
[2025-11-12 12:28:54] [INFO] [panels.panel2] [panel2] Feed updated -- Delta changed: 3782.0
[2025-11-12 12:28:55] [INFO] [AppManager] [Shutdown] App closing with SIM balance: $9,916.25
[2025-11-12 12:28:57] [INFO] [config.theme] Theme system validation passed - all OKLCH tokens and keys are valid
[2025-11-12 12:28:59] [INFO] [AppManager] [startup] Initializing MainWindow
[2025-11-12 12:28:59] [INFO] [StateManager] [Mode] INIT: Application now in SIM mode
[2025-11-12 12:28:59] [INFO] [panels.panel1] Graph initialized successfully
[2025-11-12 12:28:59] [INFO] [panels.panel1] [Panel1] Connected balance signal
[2025-11-12 12:28:59] [INFO] [panels.panel1] [Panel1] Connected mode change signal
[2025-11-12 12:28:59] [INFO] [panels.panel2] [Panel2] Restored session timers from data\runtime_state_panel2_SIM_.json
[2025-11-12 12:28:59] [INFO] [StartupDiagnostics] ──────────────────────────────────────────────
[2025-11-12 12:28:59] [INFO] [StartupDiagnostics] 🧭  APPSIERRA Startup Diagnostics
[2025-11-12 12:28:59] [INFO] [StartupDiagnostics] ──────────────────────────────────────────────
[2025-11-12 12:28:59] [INFO] [StartupDiagnostics] DB: PostgreSQL connected successfully
[2025-11-12 12:28:59] [INFO] [StartupDiagnostics] CSV: Snapshot CSV active (updated 0.1s ago)
[2025-11-12 12:28:59] [INFO] [StartupDiagnostics] DTC: DTC config valid (127.0.0.1:11099)
[2025-11-12 12:28:59] [INFO] [StartupDiagnostics] ──────────────────────────────────────────────
[2025-11-12 12:28:59] [INFO] [StartupDiagnostics] All diagnostics passed successfully.
[2025-11-12 12:28:59] [INFO] [StartupDiagnostics] ──────────────────────────────────────────────
[2025-11-12 12:28:59] [WARNING] [panels.panel1] [Panel1] QtConcurrent not available, loading equity curve synchronously
[2025-11-12 12:28:59] [INFO] [core.diagnostics] DiagnosticsHub initialized (buffer size: 1000)
[2025-11-12 12:28:59] [INFO] [AppManager] [startup] MainWindow initialized
[2025-11-12 12:28:59] [INFO] [AppManager] [info] DTC connected
[2025-11-12 12:28:59] [INFO] [AppManager] [CircuitBreaker] Connection healthy - circuit closed
[2025-11-12 12:28:59] [INFO] [AppManager] [startup] DTC session ready
[2025-11-12 12:28:59] [INFO] [services.trade_service] trade_manager.account.120005
[2025-11-12 12:28:59] [INFO] [services.trade_service] trade_manager.account.120005
[2025-11-12 12:28:59] [INFO] [services.trade_service] trade_manager.account.Sim1
[2025-11-12 12:28:59] [INFO] [services.trade_service] trade_manager.account.Sim1
[2025-11-12 12:29:00] [INFO] [panels.panel2] [panel2] Symbol updated from PositionUpdate: F.US.MESZ25 -> MES
[2025-11-12 12:29:00] [INFO] [panels.panel2] [panel2] Position closed -- all position data cleared
[2025-11-12 12:29:00] [INFO] [panels.panel2] [panel2] Position update accepted: symbol=MES, qty=0, avg=0.0, long=None
[2025-11-12 12:29:00] [INFO] [panels.panel2] [panel2] Feed updated -- VWAP changed: 6870.5264
[2025-11-12 12:29:00] [INFO] [panels.panel2] [panel2] Feed updated -- Delta changed: 3795.0
[2025-11-12 12:29:00] [INFO] [panels.panel2] [panel2] Feed updated -- Delta changed: 3794.0
[2025-11-12 12:29:01] [INFO] [panels.panel2] [panel2] Feed updated -- VWAP changed: 6870.5259
[2025-11-12 12:29:01] [INFO] [panels.panel2] [panel2] Feed updated -- Delta changed: 3744.0
[2025-11-12 12:29:01] [INFO] [panels.panel2] [panel2] Feed updated -- Delta changed: 3739.0
[2025-11-12 12:29:02] [INFO] [panels.panel2] [panel2] Feed updated -- VWAP changed: 6870.5254
[2025-11-12 12:29:02] [INFO] [panels.panel2] [panel2] Feed updated -- Delta changed: 3748.0
[2025-11-12 12:29:02] [INFO] [panels.panel2] [panel2] Feed updated -- Delta changed: 3758.0
[2025-11-12 12:29:03] [INFO] [panels.panel2] [panel2] Feed updated -- Delta changed: 3761.0
[2025-11-12 12:29:03] [INFO] [panels.panel2] [panel2] Feed updated -- Delta changed: 3769.0
[2025-11-12 12:29:04] [INFO] [panels.panel2] [panel2] Feed updated -- Delta changed: 3762.0
[2025-11-12 12:29:05] [INFO] [panels.panel2] [panel2] Feed updated -- Delta changed: 3763.0
[2025-11-12 12:29:05] [INFO] [panels.panel2] [panel2] Feed updated -- VWAP changed: 6870.5249
[2025-11-12 12:29:05] [INFO] [panels.panel2] [panel2] Feed updated -- Delta changed: 3766.0
[2025-11-12 12:29:06] [INFO] [panels.panel2] [panel2] Feed updated -- Delta changed: 3790.0
[2025-11-12 12:29:06] [INFO] [panels.panel2] [panel2] Feed updated -- Delta changed: 3794.0
[2025-11-12 12:29:07] [INFO] [panels.panel2] [panel2] Feed updated -- Delta changed: 3793.0
[2025-11-12 12:29:07] [INFO] [panels.panel2] [panel2] Feed updated -- Delta changed: 3803.0
[2025-11-12 12:29:08] [INFO] [panels.panel2] [panel2] Feed updated -- Delta changed: 3802.0
[2025-11-12 12:29:09] [INFO] [panels.panel2] [panel2] Feed updated -- Delta changed: 3808.0
[2025-11-12 12:29:09] [INFO] [panels.panel2] [panel2] Feed updated -- Delta changed: 3835.0
[2025-11-12 12:29:10] [INFO] [panels.panel2] [panel2] Feed updated -- Delta changed: 3826.0
[2025-11-12 12:29:10] [INFO] [panels.panel2] [panel2] Feed updated -- VWAP changed: 6870.5244
[2025-11-12 12:29:10] [INFO] [panels.panel2] [panel2] Feed updated -- Delta changed: 3835.0
[2025-11-12 12:29:11] [INFO] [panels.panel2] [panel2] Feed updated -- Delta changed: 3840.0
[2025-11-12 12:29:12] [INFO] [panels.panel2] [panel2] Feed updated -- Delta changed: 3834.0
[2025-11-12 12:29:12] [INFO] [AppManager] [Shutdown] App closing with SIM balance: $9,916.25
